[1.109s] DEBUG:colcon:Command line arguments: ['/usr/bin/colcon', 'list', '-p', '--base-paths', '/home/ricardoxcm/SensorFusionEngineer/SFND_Lidar_Obstacle_Detection']
[1.109s] DEBUG:colcon:Parsed command line arguments: Namespace(base_paths=['/home/ricardoxcm/SensorFusionEngineer/SFND_Lidar_Obstacle_Detection'], build_base='build', ignore_user_meta=False, log_base=None, log_level=None, main=<bound method ListVerb.main of <colcon_package_information.verb.list.ListVerb object at 0x7f6c1c311860>>, metas=['./colcon.meta'], names_only=False, packages_above=None, packages_above_and_dependencies=None, packages_above_depth=None, packages_end=None, packages_ignore=None, packages_ignore_regex=None, packages_select=None, packages_select_build_failed=False, packages_select_by_dep=None, packages_select_regex=None, packages_select_test_failures=False, packages_skip=None, packages_skip_build_finished=False, packages_skip_by_dep=None, packages_skip_regex=None, packages_skip_test_passed=False, packages_skip_up_to=None, packages_start=None, packages_up_to=None, packages_up_to_regex=None, paths=None, paths_only=True, topological_graph=False, topological_graph_density=False, topological_graph_dot=False, topological_graph_dot_cluster=False, topological_graph_dot_include_skipped=False, topological_graph_legend=False, topological_order=False, verb_extension=<colcon_package_information.verb.list.ListVerb object at 0x7f6c1c311860>, verb_name='list', verb_parser=<colcon_defaults.argument_parser.defaults.DefaultArgumentsDecorator object at 0x7f6c1c05e908>)
[1.168s] Level 1:colcon.colcon_core.package_discovery:discover_packages(colcon_meta) check parameters
[1.168s] Level 1:colcon.colcon_core.package_discovery:discover_packages(recursive) check parameters
[1.168s] Level 1:colcon.colcon_core.package_discovery:discover_packages(ignore) check parameters
[1.168s] Level 1:colcon.colcon_core.package_discovery:discover_packages(path) check parameters
[1.168s] Level 1:colcon.colcon_core.package_discovery:discover_packages(recursive) discover
[1.169s] INFO:colcon.colcon_core.package_discovery:Crawling recursively for packages in '/home/ricardoxcm/SensorFusionEngineer/SFND_Lidar_Obstacle_Detection'
[1.169s] Level 1:colcon.colcon_core.package_identification:_identify(/home/ricardoxcm/SensorFusionEngineer/SFND_Lidar_Obstacle_Detection) by extensions ['ignore', 'ignore_ament_install']
[1.172s] Level 1:colcon.colcon_core.package_identification:_identify(/home/ricardoxcm/SensorFusionEngineer/SFND_Lidar_Obstacle_Detection) by extension 'ignore'
[1.173s] Level 1:colcon.colcon_core.package_identification:_identify(/home/ricardoxcm/SensorFusionEngineer/SFND_Lidar_Obstacle_Detection) by extension 'ignore_ament_install'
[1.173s] Level 1:colcon.colcon_core.package_identification:_identify(/home/ricardoxcm/SensorFusionEngineer/SFND_Lidar_Obstacle_Detection) by extensions ['colcon_pkg']
[1.173s] Level 1:colcon.colcon_core.package_identification:_identify(/home/ricardoxcm/SensorFusionEngineer/SFND_Lidar_Obstacle_Detection) by extension 'colcon_pkg'
[1.173s] Level 1:colcon.colcon_core.package_identification:_identify(/home/ricardoxcm/SensorFusionEngineer/SFND_Lidar_Obstacle_Detection) by extensions ['colcon_meta']
[1.173s] Level 1:colcon.colcon_core.package_identification:_identify(/home/ricardoxcm/SensorFusionEngineer/SFND_Lidar_Obstacle_Detection) by extension 'colcon_meta'
[1.173s] Level 1:colcon.colcon_core.package_identification:_identify(/home/ricardoxcm/SensorFusionEngineer/SFND_Lidar_Obstacle_Detection) by extensions ['ros']
[1.173s] Level 1:colcon.colcon_core.package_identification:_identify(/home/ricardoxcm/SensorFusionEngineer/SFND_Lidar_Obstacle_Detection) by extension 'ros'
[1.189s] Level 1:colcon.colcon_core.package_identification:_identify(/home/ricardoxcm/SensorFusionEngineer/SFND_Lidar_Obstacle_Detection) by extensions ['cmake', 'python']
[1.189s] Level 1:colcon.colcon_core.package_identification:_identify(/home/ricardoxcm/SensorFusionEngineer/SFND_Lidar_Obstacle_Detection) by extension 'cmake'
[1.200s] Level 1:colcon.colcon_core.package_identification:_identify(/home/ricardoxcm/SensorFusionEngineer/SFND_Lidar_Obstacle_Detection) by extension 'python'
[1.200s] DEBUG:colcon.colcon_core.package_identification:Package '/home/ricardoxcm/SensorFusionEngineer/SFND_Lidar_Obstacle_Detection' with type 'cmake' and name 'playback'
[1.200s] Level 1:colcon.colcon_core.package_discovery:discover_packages(recursive) using defaults
